<?xml version="1.0" encoding="UTF-8"?>
<!-- Generated by org.testng.reporters.JUnitReportReporter -->
<testsuite hostname="DESKTOP-0HI3AVF" failures="0" tests="1" name="com.tests.AddProductToCart" time="11.523" errors="0" timestamp="2021-03-05T01:48:43 CET" skipped="0">
  <testcase classname="com.tests.AddProductToCart" name="addToCart" time="11.523"/>
  <system-out/>
</testsuite> <!-- com.tests.AddProductToCart -->
