<?xml version="1.0" encoding="UTF-8"?>
<!-- Generated by org.testng.reporters.JUnitReportReporter -->
<testsuite hostname="DESKTOP-0HI3AVF" failures="0" tests="1" name="com.tests.TableTest" time="7.825" errors="0" timestamp="2020-12-30T12:00:43 CET" skipped="0">
  <testcase classname="com.tests.TableTest" name="tableTest" time="7.825"/>
  <system-out/>
</testsuite> <!-- com.tests.TableTest -->
